<?xml version="1.0" encoding="UTF-8"?>
<robot generator="Robot 7.4.2 (Python 3.14.3 on win32)" generated="2026-03-27T15:52:47.498591" rpa="false" schemaversion="5">
<suite id="s1" name="Actions" source="C:\Users\gomti\OneDrive\Pictures\Desktop\se\27-march-2026\actions.robot">
<test id="s1-t1" name="scroll to element" line="29">
<kw name="Open Browser" owner="SeleniumLibrary">
<msg time="2026-03-27T15:52:48.062967" level="INFO">Opening browser 'chrome' to base url 'https://the-internet.herokuapp.com/'.</msg>
<arg>${url}</arg>
<arg>chrome</arg>
<doc>Opens a new browser instance to the optional ``url``.</doc>
<status status="PASS" start="2026-03-27T15:52:48.062364" elapsed="5.438749"/>
</kw>
<kw name="Maximize Browser Window" owner="SeleniumLibrary">
<doc>Maximizes current browser window.</doc>
<status status="PASS" start="2026-03-27T15:52:53.503502" elapsed="0.049947"/>
</kw>
<kw name="Sleep" owner="BuiltIn">
<msg time="2026-03-27T15:52:54.556729" level="INFO">Slept 1 second.</msg>
<arg>1s</arg>
<doc>Pauses the test executed for the given time.</doc>
<status status="PASS" start="2026-03-27T15:52:53.555234" elapsed="1.001830"/>
</kw>
<kw name="Scroll Element Into View" owner="SeleniumLibrary">
<arg>xpath=//a[text()="Typos"]</arg>
<doc>Scrolls the element identified by ``locator`` into view.</doc>
<status status="PASS" start="2026-03-27T15:52:54.557781" elapsed="0.323364"/>
</kw>
<kw name="Sleep" owner="BuiltIn">
<msg time="2026-03-27T15:52:56.883812" level="INFO">Slept 2 seconds.</msg>
<arg>2s</arg>
<doc>Pauses the test executed for the given time.</doc>
<status status="PASS" start="2026-03-27T15:52:54.881972" elapsed="2.002110"/>
</kw>
<kw name="Close Browser" owner="SeleniumLibrary">
<doc>Closes the current browser.</doc>
<status status="PASS" start="2026-03-27T15:52:56.884846" elapsed="2.395629"/>
</kw>
<status status="PASS" start="2026-03-27T15:52:48.060089" elapsed="11.221122"/>
</test>
<status status="PASS" start="2026-03-27T15:52:47.502902" elapsed="11.779781"/>
</suite>
<statistics>
<total>
<stat pass="1" fail="0" skip="0">All Tests</stat>
</total>
<tag>
</tag>
<suite>
<stat name="Actions" id="s1" pass="1" fail="0" skip="0">Actions</stat>
</suite>
</statistics>
<errors>
</errors>
</robot>
